0 info it worked if it ends with ok
1 verbose cli [ 'C:\\Program Files\\nodejs\\\\node.exe',
1 verbose cli   'C:\\Program Files\\nodejs\\node_modules\\npm\\bin\\npm-cli.js',
1 verbose cli   'install',
1 verbose cli   'multer',
1 verbose cli   '--save' ]
2 info using npm@1.4.23
3 info using node@v0.10.31
4 verbose node symlink C:\Program Files\nodejs\\node.exe
5 warn package.json sonny_ticket_data@1.0.0 No repository field.
6 warn package.json sonny_ticket_data@1.0.0 No README data
7 warn package.json cradle@0.6.9 No repository field.
8 verbose readDependencies using package.json deps
9 verbose cache add [ 'multer', null ]
10 verbose cache add name=undefined spec="multer" args=["multer",null]
11 verbose parsed url { protocol: null,
11 verbose parsed url   slashes: null,
11 verbose parsed url   auth: null,
11 verbose parsed url   host: null,
11 verbose parsed url   port: null,
11 verbose parsed url   hostname: null,
11 verbose parsed url   hash: null,
11 verbose parsed url   search: null,
11 verbose parsed url   query: null,
11 verbose parsed url   pathname: 'multer',
11 verbose parsed url   path: 'multer',
11 verbose parsed url   href: 'multer' }
12 silly lockFile f75d3261-multer multer
13 verbose lock multer C:\Users\sonnylazuardi\AppData\Roaming\npm-cache\f75d3261-multer.lock
14 silly lockFile f75d3261-multer multer
15 silly lockFile f75d3261-multer multer
16 verbose addNamed [ 'multer', '' ]
17 verbose addNamed [ null, '*' ]
18 silly lockFile 12cfa37d-multer multer@
19 verbose lock multer@ C:\Users\sonnylazuardi\AppData\Roaming\npm-cache\12cfa37d-multer.lock
20 silly addNameRange { name: 'multer', range: '*', hasData: false }
21 verbose request where is /multer
22 verbose request registry http://registry.npmjs.org/
23 verbose request id f2b6e764130fec0e
24 verbose url raw /multer
25 verbose url resolving [ 'http://registry.npmjs.org/', './multer' ]
26 verbose url resolved http://registry.npmjs.org/multer
27 verbose request where is http://registry.npmjs.org/multer
28 info trying registry request attempt 1 at 16:33:25
29 http GET http://registry.npmjs.org/multer
30 http 200 http://registry.npmjs.org/multer
31 silly registry.get cb [ 200,
31 silly registry.get   { server: 'CouchDB/1.5.0 (Erlang OTP/R16B03)',
31 silly registry.get     etag: '"9VZ2KR31BK2QSAZXR5SXXKWUN"',
31 silly registry.get     'content-type': 'application/json',
31 silly registry.get     'cache-control': 'max-age=60',
31 silly registry.get     'content-length': '25576',
31 silly registry.get     'accept-ranges': 'bytes',
31 silly registry.get     date: 'Mon, 22 Dec 2014 09:33:29 GMT',
31 silly registry.get     via: '1.1 varnish',
31 silly registry.get     age: '0',
31 silly registry.get     connection: 'keep-alive',
31 silly registry.get     'x-served-by': 'cache-sn87-SIN',
31 silly registry.get     'x-cache': 'MISS',
31 silly registry.get     'x-cache-hits': '0',
31 silly registry.get     'x-timer': 'S1419240808.579867,VS0,VE490',
31 silly registry.get     vary: 'Accept' } ]
32 silly addNameRange number 2 { name: 'multer', range: '*', hasData: true }
33 silly addNameRange versions [ 'multer',
33 silly addNameRange   [ '0.0.1',
33 silly addNameRange     '0.0.2',
33 silly addNameRange     '0.0.3',
33 silly addNameRange     '0.0.4',
33 silly addNameRange     '0.0.5',
33 silly addNameRange     '0.0.6',
33 silly addNameRange     '0.0.7',
33 silly addNameRange     '0.1.0',
33 silly addNameRange     '0.1.1',
33 silly addNameRange     '0.1.2',
33 silly addNameRange     '0.1.3',
33 silly addNameRange     '0.1.4',
33 silly addNameRange     '0.1.6' ] ]
34 verbose addNamed [ 'multer', '0.1.6' ]
35 verbose addNamed [ '0.1.6', '0.1.6' ]
36 silly lockFile a9e82b17-multer-0-1-6 multer@0.1.6
37 verbose lock multer@0.1.6 C:\Users\sonnylazuardi\AppData\Roaming\npm-cache\a9e82b17-multer-0-1-6.lock
38 silly lockFile cf3d7ce0-pmjs-org-multer-multer-0-1-6-tgz http://registry.npmjs.org/multer/-/multer-0.1.6.tgz
39 verbose lock http://registry.npmjs.org/multer/-/multer-0.1.6.tgz C:\Users\sonnylazuardi\AppData\Roaming\npm-cache\cf3d7ce0-pmjs-org-multer-multer-0-1-6-tgz.lock
40 verbose addRemoteTarball [ 'http://registry.npmjs.org/multer/-/multer-0.1.6.tgz',
40 verbose addRemoteTarball   '06e22a8434262976fd27f3b475b43e83990a0490' ]
41 info retry fetch attempt 1 at 16:33:25
42 verbose fetch to= C:\Users\SONNYL~1\AppData\Local\Temp\npm-8420-MiIFLYXT\registry.npmjs.org\multer\-\multer-0.1.6.tgz
43 http GET http://registry.npmjs.org/multer/-/multer-0.1.6.tgz
44 http 200 http://registry.npmjs.org/multer/-/multer-0.1.6.tgz
45 silly lockFile cf3d7ce0-pmjs-org-multer-multer-0-1-6-tgz http://registry.npmjs.org/multer/-/multer-0.1.6.tgz
46 silly lockFile cf3d7ce0-pmjs-org-multer-multer-0-1-6-tgz http://registry.npmjs.org/multer/-/multer-0.1.6.tgz
47 silly lockFile a9e82b17-multer-0-1-6 multer@0.1.6
48 silly lockFile a9e82b17-multer-0-1-6 multer@0.1.6
49 silly lockFile 12cfa37d-multer multer@
50 silly lockFile 12cfa37d-multer multer@
51 silly resolved [ { name: 'multer',
51 silly resolved     description: 'Middleware for handling `multipart/form-data`.',
51 silly resolved     version: '0.1.6',
51 silly resolved     contributors: [ [Object] ],
51 silly resolved     license: 'MIT',
51 silly resolved     repository: { type: 'git', url: 'https://github.com/expressjs/multer' },
51 silly resolved     keywords:
51 silly resolved      [ 'form',
51 silly resolved        'post',
51 silly resolved        'multipart',
51 silly resolved        'form-data',
51 silly resolved        'formdata',
51 silly resolved        'express',
51 silly resolved        'middleware' ],
51 silly resolved     dependencies: { busboy: '~0.2.9', mkdirp: '~0.3.5', qs: '~1.2.2' },
51 silly resolved     devDependencies:
51 silly resolved      { chai: '^1.9.1',
51 silly resolved        co: '^3.0.6',
51 silly resolved        express: '^4.9.5',
51 silly resolved        mocha: '^1.21.4',
51 silly resolved        qs: '^2.2.4',
51 silly resolved        rimraf: '^2.2.8',
51 silly resolved        supertest: '^0.13.0' },
51 silly resolved     engines: { node: '>= 0.10.0' },
51 silly resolved     files: [ 'LICENSE', 'index.js' ],
51 silly resolved     scripts: { test: 'mocha --reporter spec --bail --check-leaks' },
51 silly resolved     gitHead: 'd5f15c1d2ed40749a8b92ed6ee36560ae619325b',
51 silly resolved     bugs: { url: 'https://github.com/expressjs/multer/issues' },
51 silly resolved     homepage: 'https://github.com/expressjs/multer',
51 silly resolved     _id: 'multer@0.1.6',
51 silly resolved     _shasum: '06e22a8434262976fd27f3b475b43e83990a0490',
51 silly resolved     _from: 'multer@',
51 silly resolved     _npmVersion: '1.4.21',
51 silly resolved     _npmUser: { name: 'hacksparrow', email: 'captain@hacksparrow.com' },
51 silly resolved     maintainers: [ [Object], [Object] ],
51 silly resolved     dist:
51 silly resolved      { shasum: '06e22a8434262976fd27f3b475b43e83990a0490',
51 silly resolved        tarball: 'http://registry.npmjs.org/multer/-/multer-0.1.6.tgz' },
51 silly resolved     directories: {},
51 silly resolved     _resolved: 'http://registry.npmjs.org/multer/-/multer-0.1.6.tgz' } ]
52 info install multer@0.1.6 into C:\wamp\www\pat\server_data
53 info installOne multer@0.1.6
54 verbose node_modules\multer unbuild
55 verbose tar unpack C:\Users\sonnylazuardi\AppData\Roaming\npm-cache\multer\0.1.6\package.tgz
56 silly lockFile da01df3c--server-data-node-modules-multer tar://C:\wamp\www\pat\server_data\node_modules\multer
57 verbose lock tar://C:\wamp\www\pat\server_data\node_modules\multer C:\Users\sonnylazuardi\AppData\Roaming\npm-cache\da01df3c--server-data-node-modules-multer.lock
58 silly lockFile 61dd617e-m-cache-multer-0-1-6-package-tgz tar://C:\Users\sonnylazuardi\AppData\Roaming\npm-cache\multer\0.1.6\package.tgz
59 verbose lock tar://C:\Users\sonnylazuardi\AppData\Roaming\npm-cache\multer\0.1.6\package.tgz C:\Users\sonnylazuardi\AppData\Roaming\npm-cache\61dd617e-m-cache-multer-0-1-6-package-tgz.lock
60 silly gunzTarPerm modes [ '777', '666' ]
61 silly gunzTarPerm extractEntry package.json
62 silly gunzTarPerm modified mode [ 'package.json', 420, 438 ]
63 silly gunzTarPerm extractEntry README.md
64 silly gunzTarPerm modified mode [ 'README.md', 420, 438 ]
65 silly gunzTarPerm extractEntry LICENSE
66 silly gunzTarPerm modified mode [ 'LICENSE', 420, 438 ]
67 silly gunzTarPerm extractEntry index.js
68 silly gunzTarPerm modified mode [ 'index.js', 420, 438 ]
69 silly lockFile da01df3c--server-data-node-modules-multer tar://C:\wamp\www\pat\server_data\node_modules\multer
70 silly lockFile da01df3c--server-data-node-modules-multer tar://C:\wamp\www\pat\server_data\node_modules\multer
71 silly lockFile 61dd617e-m-cache-multer-0-1-6-package-tgz tar://C:\Users\sonnylazuardi\AppData\Roaming\npm-cache\multer\0.1.6\package.tgz
72 silly lockFile 61dd617e-m-cache-multer-0-1-6-package-tgz tar://C:\Users\sonnylazuardi\AppData\Roaming\npm-cache\multer\0.1.6\package.tgz
73 info preinstall multer@0.1.6
74 verbose readDependencies using package.json deps
75 verbose readDependencies using package.json deps
76 verbose cache add [ 'busboy@~0.2.9', null ]
77 verbose cache add name=undefined spec="busboy@~0.2.9" args=["busboy@~0.2.9",null]
78 verbose parsed url { protocol: null,
78 verbose parsed url   slashes: null,
78 verbose parsed url   auth: null,
78 verbose parsed url   host: null,
78 verbose parsed url   port: null,
78 verbose parsed url   hostname: null,
78 verbose parsed url   hash: null,
78 verbose parsed url   search: null,
78 verbose parsed url   query: null,
78 verbose parsed url   pathname: 'busboy@~0.2.9',
78 verbose parsed url   path: 'busboy@~0.2.9',
78 verbose parsed url   href: 'busboy@~0.2.9' }
79 verbose cache add [ 'mkdirp@~0.3.5', null ]
80 verbose cache add name=undefined spec="mkdirp@~0.3.5" args=["mkdirp@~0.3.5",null]
81 verbose parsed url { protocol: null,
81 verbose parsed url   slashes: null,
81 verbose parsed url   auth: null,
81 verbose parsed url   host: null,
81 verbose parsed url   port: null,
81 verbose parsed url   hostname: null,
81 verbose parsed url   hash: null,
81 verbose parsed url   search: null,
81 verbose parsed url   query: null,
81 verbose parsed url   pathname: 'mkdirp@~0.3.5',
81 verbose parsed url   path: 'mkdirp@~0.3.5',
81 verbose parsed url   href: 'mkdirp@~0.3.5' }
82 verbose cache add [ 'qs@~1.2.2', null ]
83 verbose cache add name=undefined spec="qs@~1.2.2" args=["qs@~1.2.2",null]
84 verbose parsed url { protocol: null,
84 verbose parsed url   slashes: null,
84 verbose parsed url   auth: null,
84 verbose parsed url   host: null,
84 verbose parsed url   port: null,
84 verbose parsed url   hostname: null,
84 verbose parsed url   hash: null,
84 verbose parsed url   search: null,
84 verbose parsed url   query: null,
84 verbose parsed url   pathname: 'qs@~1.2.2',
84 verbose parsed url   path: 'qs@~1.2.2',
84 verbose parsed url   href: 'qs@~1.2.2' }
85 verbose cache add name="busboy" spec="~0.2.9" args=["busboy","~0.2.9"]
86 verbose parsed url { protocol: null,
86 verbose parsed url   slashes: null,
86 verbose parsed url   auth: null,
86 verbose parsed url   host: null,
86 verbose parsed url   port: null,
86 verbose parsed url   hostname: null,
86 verbose parsed url   hash: null,
86 verbose parsed url   search: null,
86 verbose parsed url   query: null,
86 verbose parsed url   pathname: '~0.2.9',
86 verbose parsed url   path: '~0.2.9',
86 verbose parsed url   href: '~0.2.9' }
87 verbose addNamed [ 'busboy', '~0.2.9' ]
88 verbose addNamed [ null, '>=0.2.9-0 <0.3.0-0' ]
89 silly lockFile e6b4cfbd-busboy-0-2-9 busboy@~0.2.9
90 verbose lock busboy@~0.2.9 C:\Users\sonnylazuardi\AppData\Roaming\npm-cache\e6b4cfbd-busboy-0-2-9.lock
91 verbose cache add name="mkdirp" spec="~0.3.5" args=["mkdirp","~0.3.5"]
92 verbose parsed url { protocol: null,
92 verbose parsed url   slashes: null,
92 verbose parsed url   auth: null,
92 verbose parsed url   host: null,
92 verbose parsed url   port: null,
92 verbose parsed url   hostname: null,
92 verbose parsed url   hash: null,
92 verbose parsed url   search: null,
92 verbose parsed url   query: null,
92 verbose parsed url   pathname: '~0.3.5',
92 verbose parsed url   path: '~0.3.5',
92 verbose parsed url   href: '~0.3.5' }
93 verbose addNamed [ 'mkdirp', '~0.3.5' ]
94 verbose addNamed [ null, '>=0.3.5-0 <0.4.0-0' ]
95 silly lockFile c3f0fe9b-mkdirp-0-3-5 mkdirp@~0.3.5
96 verbose lock mkdirp@~0.3.5 C:\Users\sonnylazuardi\AppData\Roaming\npm-cache\c3f0fe9b-mkdirp-0-3-5.lock
97 verbose cache add name="qs" spec="~1.2.2" args=["qs","~1.2.2"]
98 verbose parsed url { protocol: null,
98 verbose parsed url   slashes: null,
98 verbose parsed url   auth: null,
98 verbose parsed url   host: null,
98 verbose parsed url   port: null,
98 verbose parsed url   hostname: null,
98 verbose parsed url   hash: null,
98 verbose parsed url   search: null,
98 verbose parsed url   query: null,
98 verbose parsed url   pathname: '~1.2.2',
98 verbose parsed url   path: '~1.2.2',
98 verbose parsed url   href: '~1.2.2' }
99 verbose addNamed [ 'qs', '~1.2.2' ]
100 verbose addNamed [ null, '>=1.2.2-0 <1.3.0-0' ]
101 silly lockFile 44dca058-qs-1-2-2 qs@~1.2.2
102 verbose lock qs@~1.2.2 C:\Users\sonnylazuardi\AppData\Roaming\npm-cache\44dca058-qs-1-2-2.lock
103 silly addNameRange { name: 'busboy', range: '>=0.2.9-0 <0.3.0-0', hasData: false }
104 silly addNameRange { name: 'mkdirp', range: '>=0.3.5-0 <0.4.0-0', hasData: false }
105 verbose request where is /busboy
106 verbose request registry http://registry.npmjs.org/
107 verbose url raw /busboy
108 verbose url resolving [ 'http://registry.npmjs.org/', './busboy' ]
109 verbose url resolved http://registry.npmjs.org/busboy
110 verbose request where is http://registry.npmjs.org/busboy
111 info trying registry request attempt 1 at 16:33:26
112 http GET http://registry.npmjs.org/busboy
113 silly addNameRange { name: 'qs', range: '>=1.2.2-0 <1.3.0-0', hasData: false }
114 verbose request where is /mkdirp
115 verbose request registry http://registry.npmjs.org/
116 verbose url raw /mkdirp
117 verbose url resolving [ 'http://registry.npmjs.org/', './mkdirp' ]
118 verbose url resolved http://registry.npmjs.org/mkdirp
119 verbose request where is http://registry.npmjs.org/mkdirp
120 info trying registry request attempt 1 at 16:33:26
121 verbose etag "EN5ZAENBT9LGFGCCQLHAJ8W4X"
122 http GET http://registry.npmjs.org/mkdirp
123 verbose request where is /qs
124 verbose request registry http://registry.npmjs.org/
125 verbose url raw /qs
126 verbose url resolving [ 'http://registry.npmjs.org/', './qs' ]
127 verbose url resolved http://registry.npmjs.org/qs
128 verbose request where is http://registry.npmjs.org/qs
129 info trying registry request attempt 1 at 16:33:26
130 verbose etag "C2OZKGZKGZ07N353V6XC1PTTE"
131 http GET http://registry.npmjs.org/qs
132 http 304 http://registry.npmjs.org/qs
133 silly registry.get cb [ 304,
133 silly registry.get   { date: 'Mon, 22 Dec 2014 09:33:29 GMT',
133 silly registry.get     via: '1.1 varnish',
133 silly registry.get     'last-modified': 'Mon, 22 Dec 2014 09:33:22 GMT',
133 silly registry.get     'cache-control': 'max-age=60',
133 silly registry.get     etag: '"C2OZKGZKGZ07N353V6XC1PTTE"',
133 silly registry.get     age: '7',
133 silly registry.get     connection: 'keep-alive',
133 silly registry.get     'x-served-by': 'cache-sn88-SIN',
133 silly registry.get     'x-cache': 'HIT',
133 silly registry.get     'x-cache-hits': '3',
133 silly registry.get     'x-timer': 'S1419240809.437549,VS0,VE0',
133 silly registry.get     vary: 'Accept' } ]
134 verbose etag http://registry.npmjs.org/qs from cache
135 silly addNameRange number 2 { name: 'qs', range: '>=1.2.2-0 <1.3.0-0', hasData: true }
136 silly addNameRange versions [ 'qs',
136 silly addNameRange   [ '0.0.1',
136 silly addNameRange     '0.0.2',
136 silly addNameRange     '0.0.3',
136 silly addNameRange     '0.0.4',
136 silly addNameRange     '0.0.5',
136 silly addNameRange     '0.0.6',
136 silly addNameRange     '0.0.7',
136 silly addNameRange     '0.1.0',
136 silly addNameRange     '0.2.0',
136 silly addNameRange     '0.3.0',
136 silly addNameRange     '0.3.1',
136 silly addNameRange     '0.3.2',
136 silly addNameRange     '0.4.0',
136 silly addNameRange     '0.4.1',
136 silly addNameRange     '0.4.2',
136 silly addNameRange     '0.5.0',
136 silly addNameRange     '0.5.1',
136 silly addNameRange     '0.5.2',
136 silly addNameRange     '0.5.3',
136 silly addNameRange     '0.5.4',
136 silly addNameRange     '0.5.5',
136 silly addNameRange     '0.5.6',
136 silly addNameRange     '0.6.0',
136 silly addNameRange     '0.6.1',
136 silly addNameRange     '0.6.2',
136 silly addNameRange     '0.6.3',
136 silly addNameRange     '0.6.4',
136 silly addNameRange     '0.6.5',
136 silly addNameRange     '0.6.6',
136 silly addNameRange     '1.0.0',
136 silly addNameRange     '1.0.1',
136 silly addNameRange     '1.0.2',
136 silly addNameRange     '1.1.0',
136 silly addNameRange     '1.2.0',
136 silly addNameRange     '1.2.1',
136 silly addNameRange     '1.2.2',
136 silly addNameRange     '2.0.0',
136 silly addNameRange     '2.1.0',
136 silly addNameRange     '2.2.0',
136 silly addNameRange     '2.2.1',
136 silly addNameRange     '2.2.2',
136 silly addNameRange     '2.2.3',
136 silly addNameRange     '2.2.4',
136 silly addNameRange     '2.2.5',
136 silly addNameRange     '2.3.0',
136 silly addNameRange     '2.3.1',
136 silly addNameRange     '2.3.2',
136 silly addNameRange     '2.3.3' ] ]
137 verbose addNamed [ 'qs', '1.2.2' ]
138 verbose addNamed [ '1.2.2', '1.2.2' ]
139 silly lockFile f52eadb5-qs-1-2-2 qs@1.2.2
140 verbose lock qs@1.2.2 C:\Users\sonnylazuardi\AppData\Roaming\npm-cache\f52eadb5-qs-1-2-2.lock
141 silly lockFile f52eadb5-qs-1-2-2 qs@1.2.2
142 silly lockFile f52eadb5-qs-1-2-2 qs@1.2.2
143 silly lockFile 44dca058-qs-1-2-2 qs@~1.2.2
144 silly lockFile 44dca058-qs-1-2-2 qs@~1.2.2
145 http 200 http://registry.npmjs.org/busboy
146 silly registry.get cb [ 200,
146 silly registry.get   { server: 'CouchDB/1.5.0 (Erlang OTP/R16B03)',
146 silly registry.get     etag: '"CSN6EI6IV8U4DYGAG0SUGI3CN"',
146 silly registry.get     'content-type': 'application/json',
146 silly registry.get     'cache-control': 'max-age=60',
146 silly registry.get     'content-length': '39228',
146 silly registry.get     'accept-ranges': 'bytes',
146 silly registry.get     date: 'Mon, 22 Dec 2014 09:33:29 GMT',
146 silly registry.get     via: '1.1 varnish',
146 silly registry.get     age: '0',
146 silly registry.get     connection: 'keep-alive',
146 silly registry.get     'x-served-by': 'cache-sn88-SIN',
146 silly registry.get     'x-cache': 'HIT',
146 silly registry.get     'x-cache-hits': '1',
146 silly registry.get     'x-timer': 'S1419240809.431041,VS0,VE244',
146 silly registry.get     vary: 'Accept' } ]
147 silly addNameRange number 2 { name: 'busboy', range: '>=0.2.9-0 <0.3.0-0', hasData: true }
148 silly addNameRange versions [ 'busboy',
148 silly addNameRange   [ '0.0.1',
148 silly addNameRange     '0.0.2',
148 silly addNameRange     '0.0.3',
148 silly addNameRange     '0.0.4',
148 silly addNameRange     '0.0.5',
148 silly addNameRange     '0.0.6',
148 silly addNameRange     '0.0.7',
148 silly addNameRange     '0.0.8',
148 silly addNameRange     '0.0.9',
148 silly addNameRange     '0.0.10',
148 silly addNameRange     '0.0.11',
148 silly addNameRange     '0.0.12',
148 silly addNameRange     '0.0.13',
148 silly addNameRange     '0.0.14',
148 silly addNameRange     '0.0.15',
148 silly addNameRange     '0.1.0',
148 silly addNameRange     '0.1.1',
148 silly addNameRange     '0.2.0',
148 silly addNameRange     '0.2.1',
148 silly addNameRange     '0.2.2',
148 silly addNameRange     '0.2.3',
148 silly addNameRange     '0.2.4',
148 silly addNameRange     '0.2.5',
148 silly addNameRange     '0.2.6',
148 silly addNameRange     '0.2.7',
148 silly addNameRange     '0.2.8',
148 silly addNameRange     '0.2.9' ] ]
149 verbose addNamed [ 'busboy', '0.2.9' ]
150 verbose addNamed [ '0.2.9', '0.2.9' ]
151 silly lockFile 23093d06-busboy-0-2-9 busboy@0.2.9
152 verbose lock busboy@0.2.9 C:\Users\sonnylazuardi\AppData\Roaming\npm-cache\23093d06-busboy-0-2-9.lock
153 silly lockFile 3f06e672-pmjs-org-busboy-busboy-0-2-9-tgz http://registry.npmjs.org/busboy/-/busboy-0.2.9.tgz
154 verbose lock http://registry.npmjs.org/busboy/-/busboy-0.2.9.tgz C:\Users\sonnylazuardi\AppData\Roaming\npm-cache\3f06e672-pmjs-org-busboy-busboy-0-2-9-tgz.lock
155 verbose addRemoteTarball [ 'http://registry.npmjs.org/busboy/-/busboy-0.2.9.tgz',
155 verbose addRemoteTarball   'a0a181e78b19dee76974560f55843b09eaea7376' ]
156 info retry fetch attempt 1 at 16:33:26
157 verbose fetch to= C:\Users\SONNYL~1\AppData\Local\Temp\npm-8420-MiIFLYXT\registry.npmjs.org\busboy\-\busboy-0.2.9.tgz
158 http GET http://registry.npmjs.org/busboy/-/busboy-0.2.9.tgz
159 info retry will retry, error on last attempt: Error: connect ECONNREFUSED
160 error fetch failed http://registry.npmjs.org/busboy/-/busboy-0.2.9.tgz
161 info retry will retry, error on last attempt: Error: connect ECONNREFUSED
162 info trying registry request attempt 2 at 16:33:37
163 verbose etag "EN5ZAENBT9LGFGCCQLHAJ8W4X"
164 http GET http://registry.npmjs.org/mkdirp
165 http 304 http://registry.npmjs.org/mkdirp
166 silly registry.get cb [ 304,
166 silly registry.get   { date: 'Mon, 22 Dec 2014 09:33:40 GMT',
166 silly registry.get     via: '1.1 varnish',
166 silly registry.get     'last-modified': 'Mon, 22 Dec 2014 09:33:22 GMT',
166 silly registry.get     'cache-control': 'max-age=60',
166 silly registry.get     etag: '"EN5ZAENBT9LGFGCCQLHAJ8W4X"',
166 silly registry.get     age: '24',
166 silly registry.get     connection: 'keep-alive',
166 silly registry.get     'x-served-by': 'cache-sn89-SIN',
166 silly registry.get     'x-cache': 'HIT',
166 silly registry.get     'x-cache-hits': '2',
166 silly registry.get     'x-timer': 'S1419240820.456641,VS0,VE0',
166 silly registry.get     vary: 'Accept' } ]
167 verbose etag http://registry.npmjs.org/mkdirp from cache
168 silly addNameRange number 2 { name: 'mkdirp', range: '>=0.3.5-0 <0.4.0-0', hasData: true }
169 silly addNameRange versions [ 'mkdirp',
169 silly addNameRange   [ '0.0.1',
169 silly addNameRange     '0.0.2',
169 silly addNameRange     '0.0.3',
169 silly addNameRange     '0.0.4',
169 silly addNameRange     '0.0.5',
169 silly addNameRange     '0.0.6',
169 silly addNameRange     '0.0.7',
169 silly addNameRange     '0.1.0',
169 silly addNameRange     '0.2.0',
169 silly addNameRange     '0.2.1',
169 silly addNameRange     '0.2.2',
169 silly addNameRange     '0.3.0',
169 silly addNameRange     '0.3.1',
169 silly addNameRange     '0.3.2',
169 silly addNameRange     '0.3.3',
169 silly addNameRange     '0.3.4',
169 silly addNameRange     '0.3.5',
169 silly addNameRange     '0.4.0',
169 silly addNameRange     '0.4.1',
169 silly addNameRange     '0.4.2',
169 silly addNameRange     '0.5.0' ] ]
170 verbose addNamed [ 'mkdirp', '0.3.5' ]
171 verbose addNamed [ '0.3.5', '0.3.5' ]
172 silly lockFile 67d2df2a-mkdirp-0-3-5 mkdirp@0.3.5
173 verbose lock mkdirp@0.3.5 C:\Users\sonnylazuardi\AppData\Roaming\npm-cache\67d2df2a-mkdirp-0-3-5.lock
174 silly lockFile 67d2df2a-mkdirp-0-3-5 mkdirp@0.3.5
175 silly lockFile 67d2df2a-mkdirp-0-3-5 mkdirp@0.3.5
176 silly lockFile c3f0fe9b-mkdirp-0-3-5 mkdirp@~0.3.5
177 silly lockFile c3f0fe9b-mkdirp-0-3-5 mkdirp@~0.3.5
178 info retry fetch attempt 2 at 16:33:37
179 verbose fetch to= C:\Users\SONNYL~1\AppData\Local\Temp\npm-8420-MiIFLYXT\registry.npmjs.org\busboy\-\busboy-0.2.9.tgz
180 http GET http://registry.npmjs.org/busboy/-/busboy-0.2.9.tgz
181 error fetch failed http://registry.npmjs.org/busboy/-/busboy-0.2.9.tgz
182 info retry will retry, error on last attempt: Error: connect ECONNREFUSED
183 info retry fetch attempt 3 at 16:34:38
184 verbose fetch to= C:\Users\SONNYL~1\AppData\Local\Temp\npm-8420-MiIFLYXT\registry.npmjs.org\busboy\-\busboy-0.2.9.tgz
185 http GET http://registry.npmjs.org/busboy/-/busboy-0.2.9.tgz
186 error fetch failed http://registry.npmjs.org/busboy/-/busboy-0.2.9.tgz
187 silly lockFile 3f06e672-pmjs-org-busboy-busboy-0-2-9-tgz http://registry.npmjs.org/busboy/-/busboy-0.2.9.tgz
188 silly lockFile 3f06e672-pmjs-org-busboy-busboy-0-2-9-tgz http://registry.npmjs.org/busboy/-/busboy-0.2.9.tgz
189 silly lockFile 23093d06-busboy-0-2-9 busboy@0.2.9
190 silly lockFile 23093d06-busboy-0-2-9 busboy@0.2.9
191 silly lockFile e6b4cfbd-busboy-0-2-9 busboy@~0.2.9
192 silly lockFile e6b4cfbd-busboy-0-2-9 busboy@~0.2.9
193 verbose about to build C:\wamp\www\pat\server_data\node_modules\multer
194 verbose node_modules\multer unbuild
195 info preuninstall multer@0.1.6
196 info uninstall multer@0.1.6
197 verbose true,C:\wamp\www\pat\server_data\node_modules,C:\wamp\www\pat\server_data\node_modules unbuild multer@0.1.6
198 info postuninstall multer@0.1.6
199 error Error: connect ECONNREFUSED
199 error     at errnoException (net.js:904:11)
199 error     at Object.afterConnect [as oncomplete] (net.js:895:19)
199 error  { [Error: connect ECONNREFUSED]
199 error   code: 'ECONNREFUSED',
199 error   errno: 'ECONNREFUSED',
199 error   syscall: 'connect',
199 error   parent: 'multer' }
200 error If you are behind a proxy, please make sure that the
200 error 'proxy' config is set properly.  See: 'npm help config'
201 error System Windows_NT 6.2.9200
202 error command "C:\\Program Files\\nodejs\\\\node.exe" "C:\\Program Files\\nodejs\\node_modules\\npm\\bin\\npm-cli.js" "install" "multer" "--save"
203 error cwd C:\wamp\www\pat\server_data
204 error node -v v0.10.31
205 error npm -v 1.4.23
206 error syscall connect
207 error code ECONNREFUSED
208 error errno ECONNREFUSED
209 error stack Error: connect ECONNREFUSED
209 error stack     at errnoException (net.js:904:11)
209 error stack     at Object.afterConnect [as oncomplete] (net.js:895:19)
210 verbose exit [ 1, true ]
